2026-03-24 09:05:39,502 - INFO - ==================================================
2026-03-24 09:05:42,560 - INFO - Collected 3 unique JS URLs
2026-03-24 09:05:42,711 - INFO -    Found 3 JS files
2026-03-24 09:05:47,649 - INFO - Downloaded: jquery.min.js
2026-03-24 09:05:48,093 - INFO - Downloaded: swagger-ui-standalone-preset.js
2026-03-24 09:06:13,108 - INFO - ==================================================
2026-03-24 09:06:16,415 - INFO - Collected 3 unique JS URLs
2026-03-24 09:06:16,462 - INFO -    Found 3 JS files
2026-03-24 09:06:16,559 - INFO - Skipped existing: jquery.min.js
2026-03-24 09:06:16,561 - INFO - Skipped existing: swagger-ui-standalone-preset.js
2026-03-24 09:06:25,203 - INFO - Downloaded: swagger-ui-bundle.js
2026-03-24 09:06:25,291 - INFO - Scanning 3 JS files...
2026-03-24 09:06:26,020 - INFO - Downloaded: swagger-ui-bundle.js
2026-03-24 09:06:26,063 - INFO - Scanning 3 JS files...
2026-03-24 09:06:26,140 - INFO - Report saved: output\scan_report.txt
2026-03-24 09:06:27,359 - INFO - Report saved: output\scan_report.txt
2026-03-24 09:15:12,803 - INFO - ==================================================
2026-03-24 09:15:15,686 - INFO - Collected 0 unique JS URLs
2026-03-24 09:15:15,687 - INFO -    Found 0 JS files
2026-03-24 09:23:07,723 - INFO - ==================================================
2026-03-24 09:23:13,646 - INFO - Collected 0 unique JS URLs
2026-03-24 09:23:13,647 - INFO -    Found 0 JS files
2026-03-24 09:23:40,450 - INFO - ==================================================
2026-03-24 09:23:47,217 - INFO - Collected 0 unique JS URLs
2026-03-24 09:23:47,217 - INFO -    Found 0 JS files
2026-03-24 09:29:55,010 - INFO - ==================================================
2026-03-24 09:29:59,738 - INFO -    Found 0 external JS URLs
2026-03-24 09:29:59,750 - INFO -    Saved 0 inline JS files
2026-03-24 09:30:40,909 - INFO - ==================================================
2026-03-24 09:30:46,889 - INFO -    Found 0 external JS URLs
2026-03-24 09:30:46,892 - INFO -    Saved 0 inline JS files
2026-03-24 09:55:15,813 - INFO - JS-Leaker - JavaScript Secret Scanner
2026-03-24 09:55:15,846 - INFO - ==================================================
2026-03-24 09:55:15,859 - INFO - Target: http://localhost:8000
2026-03-24 09:55:15,861 - INFO - Threads: 3
2026-03-24 09:55:15,862 - INFO - Output file: output/demo_report.txt
2026-03-24 09:55:15,865 - INFO - Output dir: output
2026-03-24 09:55:15,873 - INFO - Collecting JavaScript files...
2026-03-24 09:55:20,021 - INFO - ERROR: Collection error for http://localhost:8000: HTTPConnectionPool(host='localhost', port=8000): Max retries exceeded with url: / (Caused by NewConnectionError("HTTPConnection(host='localhost', port=8000): Failed to establish a new connection: [WinError 10061] No connection could be made because the target machine actively refused it"))
2026-03-24 09:55:20,024 - INFO -   Found 0 external JS URLs
2026-03-24 09:55:20,025 - INFO -   Saved 0 inline JS files
2026-03-24 09:55:20,027 - INFO - No JS files found. Nothing to download/scan.
2026-03-24 09:57:51,162 - INFO - JS-Leaker - JavaScript Secret Scanner
2026-03-24 09:57:51,163 - INFO - ==================================================
2026-03-24 09:57:51,163 - INFO - Target: https://cyberaware-bd.com/
2026-03-24 09:57:51,164 - INFO - Threads: 3
2026-03-24 09:57:51,164 - INFO - Output file: output/cyberaware_report.txt
2026-03-24 09:57:51,165 - INFO - Output dir: output
2026-03-24 09:57:51,165 - INFO - Collecting JavaScript files...
2026-03-24 09:57:53,918 - INFO - Collected 0 external JS, 17 inline JS
2026-03-24 09:57:53,919 - INFO -   Found 0 external JS URLs
2026-03-24 09:57:53,920 - INFO -   Saved 17 inline JS files
2026-03-24 09:57:53,929 - INFO - Downloading external JS files to data...
2026-03-24 09:57:53,933 - INFO - Download complete: 0 new, 0 skipped, 0 errors
2026-03-24 09:57:53,934 - INFO - Scanning for secrets in data/*.js (external + inline)...
2026-03-24 09:57:53,938 - INFO - Scanning 19 JS files...
2026-03-24 09:57:54,049 - INFO - Scan error jquery.min.js: 'callable_iterator' object is not subscriptable
2026-03-24 09:57:54,211 - INFO - Scan error swagger-ui-standalone-preset.js: 'callable_iterator' object is not subscriptable
2026-03-24 09:57:54,494 - INFO - Scan error cyberaware-bd_com_04589633.js: 'callable_iterator' object is not subscriptable
2026-03-24 09:57:54,499 - INFO - Scan error swagger-ui-bundle.js: 'callable_iterator' object is not subscriptable
2026-03-24 09:57:54,501 - INFO - Scan error cyberaware-bd_com_301ab9ae.js: 'callable_iterator' object is not subscriptable
2026-03-24 09:57:54,506 - INFO - Scan error cyberaware-bd_com_2fbeb0a9.js: 'callable_iterator' object is not subscriptable
2026-03-24 09:57:54,540 - INFO - Scan error cyberaware-bd_com_38bef4d1.js: 'callable_iterator' object is not subscriptable
2026-03-24 09:57:54,573 - INFO - Scan error cyberaware-bd_com_4ed653db.js: 'callable_iterator' object is not subscriptable
2026-03-24 09:57:54,619 - INFO - Scan error cyberaware-bd_com_4757b588.js: 'callable_iterator' object is not subscriptable
2026-03-24 09:57:54,635 - INFO - Scan error cyberaware-bd_com_5a4e941c.js: 'callable_iterator' object is not subscriptable
2026-03-24 09:57:54,649 - INFO - Scan error cyberaware-bd_com_9b902392.js: 'callable_iterator' object is not subscriptable
2026-03-24 09:57:54,669 - INFO - Scan error cyberaware-bd_com_637660e4.js: 'callable_iterator' object is not subscriptable
2026-03-24 09:57:54,709 - INFO - Scan error cyberaware-bd_com_cbaf12d7.js: 'callable_iterator' object is not subscriptable
2026-03-24 09:57:54,716 - INFO - Scan error cyberaware-bd_com_cb723d74.js: 'callable_iterator' object is not subscriptable
2026-03-24 09:57:54,736 - INFO - Scan error cyberaware-bd_com_833df795.js: 'callable_iterator' object is not subscriptable
2026-03-24 09:57:54,745 - INFO - Scan error cyberaware-bd_com_d54a821c.js: 'callable_iterator' object is not subscriptable
2026-03-24 09:57:54,764 - INFO - Scan error cyberaware-bd_com_ee4b2359.js: 'callable_iterator' object is not subscriptable
2026-03-24 09:57:54,768 - INFO - Scan error cyberaware-bd_com_e9a40e5b.js: 'callable_iterator' object is not subscriptable
2026-03-24 09:57:54,786 - INFO - Scan error cyberaware-bd_com_f6ae0ca2.js: 'callable_iterator' object is not subscriptable
2026-03-24 09:57:54,789 - INFO - Report saved: output\scan_report.txt
2026-03-24 09:57:54,791 - INFO - Severity report saved: output/cyberaware_report.txt
2026-03-24 09:57:54,793 - INFO - Found secrets in 0 files
2026-03-24 09:57:54,794 - INFO - Analysis complete! Check output/cyberaware_report.txt and output\scan_report.txt
2026-03-24 09:58:23,248 - INFO - JS-Leaker - JavaScript Secret Scanner
2026-03-24 09:58:23,248 - INFO - ==================================================
2026-03-24 09:58:23,249 - INFO - Target: https://cyberaware-bd.com/
2026-03-24 09:58:23,250 - INFO - Threads: 3
2026-03-24 09:58:23,250 - INFO - Output file: output/cyberaware_report.txt
2026-03-24 09:58:23,251 - INFO - Output dir: output
2026-03-24 09:58:23,252 - INFO - Collecting JavaScript files...
2026-03-24 09:58:25,703 - INFO - Collected 0 external JS, 17 inline JS
2026-03-24 09:58:25,705 - INFO -   Found 0 external JS URLs
2026-03-24 09:58:25,706 - INFO -   Saved 17 inline JS files
2026-03-24 09:58:25,707 - INFO - Downloading external JS files to data...
2026-03-24 09:58:25,709 - INFO - Download complete: 0 new, 0 skipped, 0 errors
2026-03-24 09:58:25,710 - INFO - Scanning for secrets in data/*.js (external + inline)...
2026-03-24 09:58:25,714 - INFO - Scanning 19 JS files...
2026-03-24 09:58:26,359 - INFO - Report saved: output\scan_report.txt
2026-03-24 09:58:26,366 - INFO - Severity report saved: output/cyberaware_report.txt
2026-03-24 09:58:26,368 - INFO - Found secrets in 2 files
2026-03-24 09:58:26,375 - INFO - Analysis complete! Check output/cyberaware_report.txt and output\scan_report.txt
2026-03-24 10:05:07,912 - INFO - JS-Leaker - JavaScript Secret Scanner
2026-03-24 10:05:07,914 - INFO - ==================================================
2026-03-24 10:05:07,915 - INFO - Target: https://https://cyberaware-bd.com
2026-03-24 10:05:07,915 - INFO - Threads: 3
2026-03-24 10:05:07,916 - INFO - Output file: output/report.txt
2026-03-24 10:05:07,917 - INFO - Output dir: output
2026-03-24 10:05:07,918 - INFO - Collecting JavaScript files...
2026-03-24 10:05:10,707 - INFO - ERROR: Collection error for https://https://cyberaware-bd.com: HTTPSConnectionPool(host='https', port=443): Max retries exceeded with url: //cyberaware-bd.com (Caused by NameResolutionError("HTTPSConnection(host='https', port=443): Failed to resolve 'https' ([Errno 11001] getaddrinfo failed)"))
2026-03-24 10:05:10,713 - INFO -   Found 0 external JS URLs
2026-03-24 10:05:10,715 - INFO -   Saved 0 inline JS files
2026-03-24 10:05:10,722 - INFO - No JS files found. Nothing to download/scan.
2026-03-24 10:06:42,363 - INFO - JS-Leaker - JavaScript Secret Scanner
2026-03-24 10:06:42,364 - INFO - ==================================================
2026-03-24 10:06:42,365 - INFO - Target: https://cyberaware-bd.com
2026-03-24 10:06:42,366 - INFO - Threads: 3
2026-03-24 10:06:42,367 - INFO - Output file: output/report.txt
2026-03-24 10:06:42,367 - INFO - Output dir: output
2026-03-24 10:06:42,369 - INFO - Collecting JavaScript files...
2026-03-24 10:06:45,631 - INFO - Collected 0 external JS, 17 inline JS
2026-03-24 10:06:45,634 - INFO -   Found 0 external JS URLs
2026-03-24 10:06:45,637 - INFO -   Saved 17 inline JS files
2026-03-24 10:06:45,640 - INFO - Downloading external JS files to data...
2026-03-24 10:06:45,646 - INFO - Download complete: 0 new, 0 skipped, 0 errors
2026-03-24 10:06:45,648 - INFO - Scanning for secrets in data/*.js (external + inline)...
2026-03-24 10:06:45,659 - INFO - Scanning 19 JS files...
2026-03-24 10:06:46,229 - INFO - Report saved: output\scan_report.txt
2026-03-24 10:06:46,231 - INFO - Severity report saved: output/report.txt
2026-03-24 10:06:46,232 - INFO - Found secrets in 2 files
2026-03-24 10:06:46,232 - INFO - Analysis complete! Check output/report.txt and output\scan_report.txt
2026-03-24 10:35:24,906 - INFO - Starting JS-Leaker
2026-03-24 10:35:24,911 - INFO - Target: http://localhost:8000/tests/static_test
2026-03-24 10:35:24,913 - INFO - Workers: 2
2026-03-24 10:35:25,066 - INFO - Playwright dynamic collection failed: No module named 'playwright'
2026-03-24 10:35:25,068 - INFO - Found 1 external JS and 1 inline JS files
2026-03-24 10:35:25,081 - INFO - Warning: could not download http://localhost:8000/tests/app.js: 404 Client Error: File not found for url: http://localhost:8000/tests/app.js
2026-03-24 10:35:25,083 - INFO - Scanning 1 files for secrets...
2026-03-24 10:35:25,195 - INFO - Report saved: output/test_scan.txt
2026-03-24 10:35:25,198 - INFO - Severity summary saved: output\report.txt
2026-03-24 10:35:25,202 - INFO - Scan complete.
2026-03-24 11:06:46,618 - INFO - Starting JS-Leaker
2026-03-24 11:06:46,643 - INFO - Target: https://cyberaware-bd.com
2026-03-24 11:06:46,644 - INFO - Workers: 3
2026-03-24 11:07:04,942 - INFO - Starting JS-Leaker
2026-03-24 11:07:04,943 - INFO - Target: https://cyberaware-bd.com
2026-03-24 11:07:04,944 - INFO - Workers: 3
2026-03-24 11:07:47,558 - INFO - Found 43 external JS and 42 inline JS files
2026-03-24 11:08:16,824 - INFO - Scanning 71 files for secrets...
2026-03-24 11:08:19,111 - INFO - Report saved: output/test.txt
2026-03-24 11:08:19,114 - INFO - Severity summary saved: output\report.txt
2026-03-24 11:08:19,115 - INFO - Scan complete.
2026-03-24 11:18:21,913 - INFO - Starting JS-Leaker
2026-03-24 11:18:21,930 - INFO - Target: http://localhost:8000/tests/static_test
2026-03-24 11:18:21,931 - INFO - Workers: 2
2026-03-24 11:18:27,322 - INFO - Found 2 external JS and 2 inline JS files
2026-03-24 11:18:27,342 - INFO - Warning: could not download http://localhost:8000/tests/app.js: 404 Client Error: File not found for url: http://localhost:8000/tests/app.js
2026-03-24 11:18:27,347 - INFO - Scanning 3 files for secrets...
2026-03-24 11:18:27,406 - INFO - Report saved: output/improved_scan.txt
2026-03-24 11:18:51,342 - INFO - Starting JS-Leaker
2026-03-24 11:18:51,344 - INFO - Target: http://localhost:8000/tests/static_test
2026-03-24 11:18:51,345 - INFO - Workers: 2
2026-03-24 11:18:59,562 - INFO - Found 2 external JS and 2 inline JS files
2026-03-24 11:18:59,685 - INFO - Warning: could not download http://localhost:8000/tests/app.js: 404 Client Error: File not found for url: http://localhost:8000/tests/app.js
2026-03-24 11:18:59,709 - INFO - Scanning 3 files for secrets...
2026-03-24 11:18:59,857 - INFO - Report saved: output/improved_scan.txt
2026-03-24 11:18:59,865 - INFO - Severity summary saved: output\report.txt
2026-03-24 11:18:59,878 - INFO - Scan complete.
2026-03-24 11:19:26,271 - INFO - Starting JS-Leaker
2026-03-24 11:19:26,273 - INFO - Target: http://localhost:8000/tests/static_test
2026-03-24 11:19:26,273 - INFO - Workers: 2
2026-03-24 11:19:35,380 - INFO - Found 2 external JS and 2 inline JS files
2026-03-24 11:19:35,402 - INFO - Warning: could not download http://localhost:8000/tests/app.js: 404 Client Error: File not found for url: http://localhost:8000/tests/app.js
2026-03-24 11:19:35,404 - INFO - Scanning 3 files for secrets...
2026-03-24 11:19:35,446 - INFO - Report saved: output/final_scan.txt
2026-03-24 11:19:35,452 - INFO - Severity summary saved: output\report.txt
2026-03-24 11:19:35,457 - INFO - Scan complete.
2026-03-24 11:21:29,593 - INFO - Starting JS-Leaker
2026-03-24 11:21:29,595 - INFO - Target: http://localhost:8000/tests/static_test/
2026-03-24 11:21:29,596 - INFO - Workers: 2
2026-03-24 11:21:37,835 - INFO - Found 1 external JS and 2 inline JS files
2026-03-24 11:21:37,887 - INFO - Scanning 3 files for secrets...
2026-03-24 11:21:37,913 - INFO - Report saved: output/fixed_scan.txt
2026-03-24 11:21:37,916 - INFO - Severity summary saved: output\report.txt
2026-03-24 11:21:37,918 - INFO - Scan complete.
2026-03-24 11:22:12,218 - INFO - Starting JS-Leaker
2026-03-24 11:22:12,219 - INFO - Target: http://localhost:8000/tests/static_test/
2026-03-24 11:22:12,226 - INFO - Workers: 2
2026-03-24 11:22:19,110 - INFO - Found 1 external JS and 2 inline JS files
2026-03-24 11:22:19,135 - INFO - Scanning 3 files for secrets...
2026-03-24 11:22:19,150 - INFO - Report saved: output/error_free_scan.txt
2026-03-24 11:22:19,159 - INFO - Severity summary saved: output\report.txt
2026-03-24 11:22:19,161 - INFO - Scan complete.
2026-03-24 23:00:45,114 - INFO - Severity summary saved: output\report.txt
2026-03-24 23:00:45,138 - INFO - Severity summary saved: output\report.txt
2026-03-25 09:09:47,475 - INFO - Request failed (1/3) for https://beraware-bd.com/: HTTPSConnectionPool(host='beraware-bd.com', port=443): Max retries exceeded with url: / (Caused by NameResolutionError("HTTPSConnection(host='beraware-bd.com', port=443): Failed to resolve 'beraware-bd.com' ([Errno 11001] getaddrinfo failed)"))
2026-03-25 09:09:47,985 - INFO - Request failed (2/3) for https://beraware-bd.com/: HTTPSConnectionPool(host='beraware-bd.com', port=443): Max retries exceeded with url: / (Caused by NameResolutionError("HTTPSConnection(host='beraware-bd.com', port=443): Failed to resolve 'beraware-bd.com' ([Errno 11001] getaddrinfo failed)"))
2026-03-25 09:09:48,491 - INFO - Request failed (3/3) for https://beraware-bd.com/: HTTPSConnectionPool(host='beraware-bd.com', port=443): Max retries exceeded with url: / (Caused by NameResolutionError("HTTPSConnection(host='beraware-bd.com', port=443): Failed to resolve 'beraware-bd.com' ([Errno 11001] getaddrinfo failed)"))
2026-03-25 09:11:08,390 - INFO - Request failed (1/3) for https://cyberaware-bd.com/: ('Connection aborted.', ConnectionResetError(10054, 'An existing connection was forcibly closed by the remote host', None, 10054, None))
2026-03-25 09:11:09,396 - INFO - Request failed (2/3) for https://cyberaware-bd.com/: ('Connection aborted.', ConnectionResetError(10054, 'An existing connection was forcibly closed by the remote host', None, 10054, None))
2026-03-25 09:11:10,414 - INFO - Request failed (3/3) for https://cyberaware-bd.com/: ('Connection aborted.', ConnectionResetError(10054, 'An existing connection was forcibly closed by the remote host', None, 10054, None))
2026-03-25 09:12:22,584 - INFO - Request failed (1/3) for https://cyberaware-bd.com/: HTTPSConnectionPool(host='cyberaware-bd.com', port=443): Read timed out. (read timeout=10)
2026-03-25 09:12:23,609 - INFO - Request failed (2/3) for https://cyberaware-bd.com/: ('Connection aborted.', ConnectionResetError(10054, 'An existing connection was forcibly closed by the remote host', None, 10054, None))
2026-03-25 09:12:25,633 - INFO - Request failed (3/3) for https://cyberaware-bd.com/: ('Connection aborted.', ConnectionResetError(10054, 'An existing connection was forcibly closed by the remote host', None, 10054, None))
2026-03-25 09:14:55,313 - INFO - Request failed (1/3) for https://cyberaware-bd.com/: ('Connection aborted.', ConnectionResetError(10054, 'An existing connection was forcibly closed by the remote host', None, 10054, None))
2026-03-25 09:14:56,340 - INFO - Request failed (2/3) for https://cyberaware-bd.com/: ('Connection aborted.', ConnectionResetError(10054, 'An existing connection was forcibly closed by the remote host', None, 10054, None))
2026-03-25 09:14:57,328 - INFO - Request failed (3/3) for https://cyberaware-bd.com/: ('Connection aborted.', ConnectionResetError(10054, 'An existing connection was forcibly closed by the remote host', None, 10054, None))
2026-03-25 09:16:12,526 - INFO - Request failed (1/3) for https://cyberaware-bd.com/: HTTPSConnectionPool(host='cyberaware-bd.com', port=443): Max retries exceeded with url: / (Caused by ProxyError('Unable to connect to proxy', NewConnectionError("HTTPSConnection(host='127.0.0.1', port=8080): Failed to establish a new connection: [WinError 10061] No connection could be made because the target machine actively refused it")))
2026-03-25 09:16:15,061 - INFO - Request failed (2/3) for https://cyberaware-bd.com/: HTTPSConnectionPool(host='cyberaware-bd.com', port=443): Max retries exceeded with url: / (Caused by ProxyError('Unable to connect to proxy', NewConnectionError("HTTPSConnection(host='127.0.0.1', port=8080): Failed to establish a new connection: [WinError 10061] No connection could be made because the target machine actively refused it")))
2026-03-25 09:16:17,604 - INFO - Request failed (3/3) for https://cyberaware-bd.com/: HTTPSConnectionPool(host='cyberaware-bd.com', port=443): Max retries exceeded with url: / (Caused by ProxyError('Unable to connect to proxy', NewConnectionError("HTTPSConnection(host='127.0.0.1', port=8080): Failed to establish a new connection: [WinError 10061] No connection could be made because the target machine actively refused it")))
2026-03-25 09:16:47,902 - INFO - Request failed (1/3) for http://testphp.vulnweb.com/: HTTPConnectionPool(host='testphp.vulnweb.com', port=80): Max retries exceeded with url: / (Caused by ConnectTimeoutError(<HTTPConnection(host='testphp.vulnweb.com', port=80) at 0x18910e20690>, 'Connection to testphp.vulnweb.com timed out. (connect timeout=10)'))
2026-03-25 09:16:58,417 - INFO - Request failed (2/3) for http://testphp.vulnweb.com/: HTTPConnectionPool(host='testphp.vulnweb.com', port=80): Max retries exceeded with url: / (Caused by ConnectTimeoutError(<HTTPConnection(host='testphp.vulnweb.com', port=80) at 0x18910e20a50>, 'Connection to testphp.vulnweb.com timed out. (connect timeout=10)'))
2026-03-25 09:17:08,976 - INFO - Request failed (3/3) for http://testphp.vulnweb.com/: HTTPConnectionPool(host='testphp.vulnweb.com', port=80): Max retries exceeded with url: / (Caused by ConnectTimeoutError(<HTTPConnection(host='testphp.vulnweb.com', port=80) at 0x18910ca6780>, 'Connection to testphp.vulnweb.com timed out. (connect timeout=10)'))
2026-03-25 09:20:31,840 - INFO - Severity summary saved: output\report.txt
2026-03-27 21:47:39,489 - INFO - Severity summary saved: output\report.txt
2026-03-28 16:11:36,897 - INFO - Severity summary saved: F:\web hacking tool making backup\cookie\CookieInspector\data\js_leaker\report.txt
2026-03-28 16:17:37,236 - INFO - Request failed (1/3) for https://cyberaware-bd.com/: ('Connection aborted.', ConnectionResetError(10054, 'An existing connection was forcibly closed by the remote host', None, 10054, None))
2026-03-28 16:17:38,259 - INFO - Request failed (2/3) for https://cyberaware-bd.com/: ('Connection aborted.', ConnectionResetError(10054, 'An existing connection was forcibly closed by the remote host', None, 10054, None))
2026-03-28 16:17:39,274 - INFO - Request failed (3/3) for https://cyberaware-bd.com/: ('Connection aborted.', ConnectionResetError(10054, 'An existing connection was forcibly closed by the remote host', None, 10054, None))
2026-03-28 17:51:20,360 - INFO - Request failed (1/3) for https://cyberaware-bd.com/: ('Connection aborted.', ConnectionResetError(10054, 'An existing connection was forcibly closed by the remote host', None, 10054, None))
2026-03-28 17:51:21,360 - INFO - Request failed (2/3) for https://cyberaware-bd.com/: ('Connection aborted.', ConnectionResetError(10054, 'An existing connection was forcibly closed by the remote host', None, 10054, None))
2026-03-28 17:51:22,341 - INFO - Request failed (3/3) for https://cyberaware-bd.com/: ('Connection aborted.', ConnectionResetError(10054, 'An existing connection was forcibly closed by the remote host', None, 10054, None))
